mode: set
github.com/dpeckett/compressmagic/reader.go:25.52,29.16 3 1
github.com/dpeckett/compressmagic/reader.go:29.16,31.3 1 0
github.com/dpeckett/compressmagic/reader.go:33.2,33.9 1 1
github.com/dpeckett/compressmagic/reader.go:34.54,35.57 1 1
github.com/dpeckett/compressmagic/reader.go:36.48,37.37 1 1
github.com/dpeckett/compressmagic/reader.go:38.60,39.55 1 1
github.com/dpeckett/compressmagic/reader.go:40.72,42.17 2 1
github.com/dpeckett/compressmagic/reader.go:42.17,44.4 1 0
github.com/dpeckett/compressmagic/reader.go:46.3,46.37 1 1
github.com/dpeckett/compressmagic/reader.go:47.60,49.17 2 1
github.com/dpeckett/compressmagic/reader.go:49.17,51.4 1 0
github.com/dpeckett/compressmagic/reader.go:53.3,55.24 1 1
github.com/dpeckett/compressmagic/reader.go:55.24,58.5 2 1
github.com/dpeckett/compressmagic/reader.go:60.10,61.40 1 1
github.com/dpeckett/compressmagic/reader.go:70.42,72.2 1 1
github.com/dpeckett/compressmagic/writer.go:23.70,26.13 2 1
github.com/dpeckett/compressmagic/writer.go:27.22,28.32 1 1
github.com/dpeckett/compressmagic/writer.go:29.14,30.31 1 1
github.com/dpeckett/compressmagic/writer.go:31.13,33.17 2 1
github.com/dpeckett/compressmagic/writer.go:33.17,35.4 1 0
github.com/dpeckett/compressmagic/writer.go:37.3,39.24 1 1
github.com/dpeckett/compressmagic/writer.go:39.24,41.5 1 1
github.com/dpeckett/compressmagic/writer.go:43.23,45.17 2 1
github.com/dpeckett/compressmagic/writer.go:45.17,47.4 1 0
github.com/dpeckett/compressmagic/writer.go:49.3,51.24 1 1
github.com/dpeckett/compressmagic/writer.go:51.24,54.5 2 1
github.com/dpeckett/compressmagic/writer.go:56.10,59.24 1 1
github.com/dpeckett/compressmagic/writer.go:59.24,61.5 1 1
github.com/dpeckett/compressmagic/writer.go:71.42,73.2 1 1
